This file contains any messages produced by compilers while
running configure, to aid debugging if configure makes a mistake.

It was created by dunelegacy configure 0.96.4, which was
generated by GNU Autoconf 2.72.  Invocation command line was

  $ ./configure

## --------- ##
## Platform. ##
## --------- ##

hostname = wifi-wpa-cw2-140-193-124-149.wifi.umanitoba.ca
uname -m = arm64
uname -r = 23.1.0
uname -s = Darwin
uname -v = Darwin Kernel Version 23.1.0: Mon Oct  9 21:28:12 PDT 2023; root:xnu-10002.41.9~6/RELEASE_ARM64_T8103

/usr/bin/uname -p = arm
/bin/uname -X     = unknown

/bin/arch              = unknown
/usr/bin/arch -k       = unknown
/usr/convex/getsysinfo = unknown
/usr/bin/hostinfo      = Mach kernel version:
	 Darwin Kernel Version 23.1.0: Mon Oct  9 21:28:12 PDT 2023; root:xnu-10002.41.9~6/RELEASE_ARM64_T8103
Kernel configured for up to 8 processors.
8 processors are physically available.
8 processors are logically available.
Processor type: arm64e (ARM64E)
Processors active: 0 1 2 3 4 5 6 7
Primary memory available: 8.00 gigabytes
Default processor set: 434 tasks, 2409 threads, 8 processors
Load average: 3.56, Mach factor: 4.51
/bin/machine           = unknown
/usr/bin/oslevel       = unknown
/bin/universe          = unknown

PATH: /opt/homebrew/bin/
PATH: /opt/homebrew/sbin/
PATH: /Users/Ali_Nawaz/opt/anaconda3/bin/
PATH: /Users/Ali_Nawaz/opt/anaconda3/condabin/
PATH: /usr/local/bin/
PATH: /System/Cryptexes/App/usr/bin/
PATH: /usr/bin/
PATH: /bin/
PATH: /usr/sbin/
PATH: /sbin/
PATH: /var/run/com.apple.security.cryptexd/codex.system/bootstrap/usr/local/bin/
PATH: /var/run/com.apple.security.cryptexd/codex.system/bootstrap/usr/bin/
PATH: /var/run/com.apple.security.cryptexd/codex.system/bootstrap/usr/appleinternal/bin/
PATH: /Library/TeX/texbin/
PATH: /Applications/Postgres.app/Contents/Versions/latest/bin/


## ----------- ##
## Core tests. ##
## ----------- ##

configure:2814: looking for aux files: missing install-sh compile config.guess config.sub
configure:2827:  trying ./
configure:2856:   ./missing found
configure:2838:   ./install-sh found
configure:2856:   ./compile found
configure:2856:   ./config.guess found
configure:2856:   ./config.sub found
configure:2976: checking build system type
configure:2992: result: arm-apple-darwin23.1.0
configure:3080: checking for gcc
configure:3101: found /usr/bin/gcc
configure:3113: result: gcc
configure:3472: checking for C compiler version
configure:3481: gcc --version >&5
Apple clang version 15.0.0 (clang-1500.0.40.1)
Target: arm64-apple-darwin23.1.0
Thread model: posix
InstalledDir: /Library/Developer/CommandLineTools/usr/bin
configure:3492: $? = 0
configure:3481: gcc -v >&5
Apple clang version 15.0.0 (clang-1500.0.40.1)
Target: arm64-apple-darwin23.1.0
Thread model: posix
InstalledDir: /Library/Developer/CommandLineTools/usr/bin
configure:3492: $? = 0
configure:3481: gcc -V >&5
clang: error: argument to '-V' is missing (expected 1 value)
clang: error: no input files
configure:3492: $? = 1
configure:3481: gcc -qversion >&5
clang: error: unknown argument '-qversion'; did you mean '--version'?
clang: error: no input files
configure:3492: $? = 1
configure:3481: gcc -version >&5
clang: error: unknown argument '-version'; did you mean '--version'?
clang: error: no input files
configure:3492: $? = 1
configure:3512: checking whether the C compiler works
configure:3534: gcc    conftest.c  >&5
configure:3538: $? = 0
configure:3589: result: yes
configure:3593: checking for C compiler default output file name
configure:3595: result: a.out
configure:3601: checking for suffix of executables
configure:3608: gcc -o conftest    conftest.c  >&5
configure:3612: $? = 0
configure:3636: result: 
configure:3660: checking whether we are cross compiling
configure:3668: gcc -o conftest    conftest.c  >&5
configure:3672: $? = 0
configure:3679: ./conftest
configure:3683: $? = 0
configure:3698: result: no
configure:3704: checking for suffix of object files
configure:3727: gcc -c   conftest.c >&5
configure:3731: $? = 0
configure:3755: result: o
configure:3759: checking whether the compiler supports GNU C
configure:3779: gcc -c   conftest.c >&5
configure:3779: $? = 0
configure:3791: result: yes
configure:3802: checking whether gcc accepts -g
configure:3823: gcc -c -g  conftest.c >&5
configure:3823: $? = 0
configure:3870: result: yes
configure:3890: checking for gcc option to enable C11 features
configure:3905: gcc  -c -g -O2  conftest.c >&5
configure:3905: $? = 0
configure:3924: result: none needed
configure:4048: checking whether gcc understands -c and -o together
configure:4071: gcc -c conftest.c -o conftest2.o
configure:4074: $? = 0
configure:4071: gcc -c conftest.c -o conftest2.o
configure:4074: $? = 0
configure:4087: result: yes
configure:4109: checking for stdio.h
configure:4109: gcc -c -g -O2  conftest.c >&5
configure:4109: $? = 0
configure:4109: result: yes
configure:4109: checking for stdlib.h
configure:4109: gcc -c -g -O2  conftest.c >&5
configure:4109: $? = 0
configure:4109: result: yes
configure:4109: checking for string.h
configure:4109: gcc -c -g -O2  conftest.c >&5
configure:4109: $? = 0
configure:4109: result: yes
configure:4109: checking for inttypes.h
configure:4109: gcc -c -g -O2  conftest.c >&5
configure:4109: $? = 0
configure:4109: result: yes
configure:4109: checking for stdint.h
configure:4109: gcc -c -g -O2  conftest.c >&5
configure:4109: $? = 0
configure:4109: result: yes
configure:4109: checking for strings.h
configure:4109: gcc -c -g -O2  conftest.c >&5
configure:4109: $? = 0
configure:4109: result: yes
configure:4109: checking for sys/stat.h
configure:4109: gcc -c -g -O2  conftest.c >&5
configure:4109: $? = 0
configure:4109: result: yes
configure:4109: checking for sys/types.h
configure:4109: gcc -c -g -O2  conftest.c >&5
configure:4109: $? = 0
configure:4109: result: yes
configure:4109: checking for unistd.h
configure:4109: gcc -c -g -O2  conftest.c >&5
configure:4109: $? = 0
configure:4109: result: yes
configure:4109: checking for wchar.h
configure:4109: gcc -c -g -O2  conftest.c >&5
configure:4109: $? = 0
configure:4109: result: yes
configure:4109: checking for minix/config.h
configure:4109: gcc -c -g -O2  conftest.c >&5
conftest.c:47:10: fatal error: 'minix/config.h' file not found
#include <minix/config.h>
         ^~~~~~~~~~~~~~~~
1 error generated.
configure:4109: $? = 1
configure: failed program was:
| /* confdefs.h */
| #define PACKAGE_NAME "dunelegacy"
| #define PACKAGE_TARNAME "dunelegacy"
| #define PACKAGE_VERSION "0.96.4"
| #define PACKAGE_STRING "dunelegacy 0.96.4"
| #define PACKAGE_BUGREPORT "http://dunelegacy.sourceforge.net"
| #define PACKAGE_URL ""
| #define HAVE_STDIO_H 1
| #define HAVE_STDLIB_H 1
| #define HAVE_STRING_H 1
| #define HAVE_INTTYPES_H 1
| #define HAVE_STDINT_H 1
| #define HAVE_STRINGS_H 1
| #define HAVE_SYS_STAT_H 1
| #define HAVE_SYS_TYPES_H 1
| #define HAVE_UNISTD_H 1
| #define HAVE_WCHAR_H 1
| /* end confdefs.h.  */
| #include <stddef.h>
| #ifdef HAVE_STDIO_H
| # include <stdio.h>
| #endif
| #ifdef HAVE_STDLIB_H
| # include <stdlib.h>
| #endif
| #ifdef HAVE_STRING_H
| # include <string.h>
| #endif
| #ifdef HAVE_INTTYPES_H
| # include <inttypes.h>
| #endif
| #ifdef HAVE_STDINT_H
| # include <stdint.h>
| #endif
| #ifdef HAVE_STRINGS_H
| # include <strings.h>
| #endif
| #ifdef HAVE_SYS_TYPES_H
| # include <sys/types.h>
| #endif
| #ifdef HAVE_SYS_STAT_H
| # include <sys/stat.h>
| #endif
| #ifdef HAVE_UNISTD_H
| # include <unistd.h>
| #endif
| #include <minix/config.h>
configure:4109: result: no
configure:4140: checking whether it is safe to define __EXTENSIONS__
configure:4159: gcc -c -g -O2  conftest.c >&5
configure:4159: $? = 0
configure:4169: result: yes
configure:4172: checking whether _XOPEN_SOURCE should be defined
configure:4194: gcc -c -g -O2  conftest.c >&5
configure:4194: $? = 0
configure:4223: result: no
configure:4300: checking for a BSD-compatible install
configure:4374: result: /usr/bin/install -c
configure:4385: checking whether sleep supports fractional seconds
configure:4401: result: yes
configure:4404: checking filesystem timestamp resolution
configure:4539: result: 2
configure:4544: checking whether build environment is sane
configure:4585: result: yes
configure:4752: checking for a race-free mkdir -p
configure:4795: result: mkdir -p
configure:4802: checking for gawk
configure:4838: result: no
configure:4802: checking for mawk
configure:4838: result: no
configure:4802: checking for nawk
configure:4838: result: no
configure:4802: checking for awk
configure:4823: found /usr/bin/awk
configure:4835: result: awk
configure:4846: checking whether make sets $(MAKE)
configure:4870: result: yes
configure:4892: checking whether make supports the include directive
configure:4907: make -f confmf.GNU && cat confinc.out
this is the am__doit target
configure:4910: $? = 0
configure:4929: result: yes (GNU style)
configure:4960: checking whether make supports nested variables
configure:4979: result: yes
configure:4993: checking xargs -n works
configure:5009: result: yes
configure:5090: checking dependency style of gcc
configure:5203: result: gcc3
configure:5310: checking for g++
configure:5331: found /usr/bin/g++
configure:5343: result: g++
configure:5370: checking for C++ compiler version
configure:5379: g++ --version >&5
Apple clang version 15.0.0 (clang-1500.0.40.1)
Target: arm64-apple-darwin23.1.0
Thread model: posix
InstalledDir: /Library/Developer/CommandLineTools/usr/bin
configure:5390: $? = 0
configure:5379: g++ -v >&5
Apple clang version 15.0.0 (clang-1500.0.40.1)
Target: arm64-apple-darwin23.1.0
Thread model: posix
InstalledDir: /Library/Developer/CommandLineTools/usr/bin
configure:5390: $? = 0
configure:5379: g++ -V >&5
clang: error: argument to '-V' is missing (expected 1 value)
clang: error: no input files
configure:5390: $? = 1
configure:5379: g++ -qversion >&5
clang: error: unknown argument '-qversion'; did you mean '--version'?
clang: error: no input files
configure:5390: $? = 1
configure:5394: checking whether the compiler supports GNU C++
configure:5414: g++ -c   conftest.cpp >&5
configure:5414: $? = 0
configure:5426: result: yes
configure:5437: checking whether g++ accepts -g
configure:5458: g++ -c -g  conftest.cpp >&5
configure:5458: $? = 0
configure:5505: result: yes
configure:5525: checking for g++ option to enable C++11 features
configure:5540: g++  -c -g -O2  conftest.cpp >&5
conftest.cpp:85:3: error: "Compiler does not advertise C++11 conformance"
# error "Compiler does not advertise C++11 conformance"
  ^
conftest.cpp:90:3: error: unknown type name 'constexpr'
  constexpr int get_val() { return 20; }
  ^
conftest.cpp:102:17: error: delegating constructors are permitted only in C++11
    delegate(): delegate(2354) {}
                ^~~~~~~~
conftest.cpp:113:26: warning: 'override' keyword is a C++11 extension [-Wc++11-extensions]
    virtual int getval() override final { return this->n * 2; }
                         ^
conftest.cpp:113:35: warning: 'final' keyword is a C++11 extension [-Wc++11-extensions]
    virtual int getval() override final { return this->n * 2; }
                                  ^
conftest.cpp:120:16: warning: defaulted function definitions are a C++11 extension [-Wc++11-extensions]
    nocopy() = default;
               ^
conftest.cpp:121:29: warning: deleted function definitions are a C++11 extension [-Wc++11-extensions]
    nocopy(const nocopy&) = delete;
                            ^
conftest.cpp:122:41: warning: deleted function definitions are a C++11 extension [-Wc++11-extensions]
    nocopy & operator=(const nocopy&) = delete;
                                        ^
conftest.cpp:134:25: warning: 'auto' type specifier is a C++11 extension [-Wc++11-extensions]
  template <typename V> auto sum(V first) -> V
                        ^
conftest.cpp:134:25: error: 'auto' not allowed in function return type
  template <typename V> auto sum(V first) -> V
                        ^~~~
conftest.cpp:134:42: error: expected ';' at end of declaration
  template <typename V> auto sum(V first) -> V
                                         ^
                                         ;
conftest.cpp:134:43: error: cannot use arrow operator on a type
  template <typename V> auto sum(V first) -> V
                                          ^
conftest.cpp:138:33: warning: variadic templates are a C++11 extension [-Wc++11-extensions]
  template <typename V, typename... Args> auto sum(V first, Args... rest) -> V
                                ^
conftest.cpp:138:43: warning: 'auto' type specifier is a C++11 extension [-Wc++11-extensions]
  template <typename V, typename... Args> auto sum(V first, Args... rest) -> V
                                          ^
conftest.cpp:138:43: error: 'auto' not allowed in function return type
  template <typename V, typename... Args> auto sum(V first, Args... rest) -> V
                                          ^~~~
conftest.cpp:138:74: error: expected ';' at end of declaration
  template <typename V, typename... Args> auto sum(V first, Args... rest) -> V
                                                                         ^
                                                                         ;
conftest.cpp:138:75: error: cannot use arrow operator on a type
  template <typename V, typename... Args> auto sum(V first, Args... rest) -> V
                                                                          ^
conftest.cpp:162:3: warning: 'auto' type specifier is a C++11 extension [-Wc++11-extensions]
  auto a1 = 6538;
  ^
conftest.cpp:163:3: warning: 'auto' type specifier is a C++11 extension [-Wc++11-extensions]
  auto a2 = 48573953.4;
  ^
conftest.cpp:164:3: warning: 'auto' type specifier is a C++11 extension [-Wc++11-extensions]
  auto a3 = "String literal";
  ^
conftest.cpp:167:8: warning: 'auto' type specifier is a C++11 extension [-Wc++11-extensions]
  for (auto i = a3; *i; ++i) { total += *i; }
       ^
conftest.cpp:183:8: warning: 'auto' type specifier is a C++11 extension [-Wc++11-extensions]
  for (auto &x : array) { x += 23; }
       ^
conftest.cpp:183:16: warning: range-based for loop is a C++11 extension [-Wc++11-extensions]
  for (auto &x : array) { x += 23; }
               ^
conftest.cpp:188:17: error: expected expression
  assert (eval ([](int x) { return x*2; }, 21) == 42);
                ^
conftest.cpp:190:17: error: expected expression
  assert (eval ([&](double x) { return d += x; }, 3.0) == 5.0);
                ^
conftest.cpp:192:17: error: expected expression
  assert (eval ([=](double x) mutable { return d += x; }, 4.0) == 9.0);
                ^
conftest.cpp:198:3: warning: 'auto' type specifier is a C++11 extension [-Wc++11-extensions]
  auto a = sum(1);
  ^
conftest.cpp:198:12: error: no matching function for call to 'sum'
  auto a = sum(1);
           ^~~
conftest.cpp:199:3: warning: 'auto' type specifier is a C++11 extension [-Wc++11-extensions]
  auto b = sum(1, 2);
  ^
conftest.cpp:199:12: error: no matching function for call to 'sum'
  auto b = sum(1, 2);
           ^~~
conftest.cpp:200:3: warning: 'auto' type specifier is a C++11 extension [-Wc++11-extensions]
  auto c = sum(1.0, 2.0, 3.0);
  ^
conftest.cpp:200:12: error: no matching function for call to 'sum'
  auto c = sum(1.0, 2.0, 3.0);
           ^~~
conftest.cpp:205:25: warning: empty parentheses interpreted as a function declaration [-Wvexing-parse]
  cxx11test::delegate d2();
                        ^~
conftest.cpp:205:25: note: remove parentheses to declare a variable
  cxx11test::delegate d2();
                        ^~
conftest.cpp:218:16: error: found '<::' after a template name which forms the digraph '<:' (aka '[') and a ':', did you mean '< ::'?
  test_template<::test_template<int>> v(test_template<int>(12));
               ^~~
               < ::
conftest.cpp:218:36: error: a space is required between consecutive right angle brackets (use '> >')
  test_template<::test_template<int>> v(test_template<int>(12));
                                   ^~
                                   > >
conftest.cpp:222:22: error: use of undeclared identifier 'u8'
  char const *utf8 = u8"UTF-8 string \u2500";
                     ^
conftest.cpp:222:24: error: expected ';' at end of declaration
  char const *utf8 = u8"UTF-8 string \u2500";
                       ^
                       ;
fatal error: too many errors emitted, stopping now [-ferror-limit=]
18 warnings and 20 errors generated.
configure:5540: $? = 1
configure: failed program was:
| /* confdefs.h */
| #define PACKAGE_NAME "dunelegacy"
| #define PACKAGE_TARNAME "dunelegacy"
| #define PACKAGE_VERSION "0.96.4"
| #define PACKAGE_STRING "dunelegacy 0.96.4"
| #define PACKAGE_BUGREPORT "http://dunelegacy.sourceforge.net"
| #define PACKAGE_URL ""
| #define HAVE_STDIO_H 1
| #define HAVE_STDLIB_H 1
| #define HAVE_STRING_H 1
| #define HAVE_INTTYPES_H 1
| #define HAVE_STDINT_H 1
| #define HAVE_STRINGS_H 1
| #define HAVE_SYS_STAT_H 1
| #define HAVE_SYS_TYPES_H 1
| #define HAVE_UNISTD_H 1
| #define HAVE_WCHAR_H 1
| #define STDC_HEADERS 1
| #define _ALL_SOURCE 1
| #define _DARWIN_C_SOURCE 1
| #define _GNU_SOURCE 1
| #define _HPUX_ALT_XOPEN_SOCKET_API 1
| #define _NETBSD_SOURCE 1
| #define _OPENBSD_SOURCE 1
| #define _POSIX_PTHREAD_SEMANTICS 1
| #define __STDC_WANT_IEC_60559_ATTRIBS_EXT__ 1
| #define __STDC_WANT_IEC_60559_BFP_EXT__ 1
| #define __STDC_WANT_IEC_60559_DFP_EXT__ 1
| #define __STDC_WANT_IEC_60559_EXT__ 1
| #define __STDC_WANT_IEC_60559_FUNCS_EXT__ 1
| #define __STDC_WANT_IEC_60559_TYPES_EXT__ 1
| #define __STDC_WANT_LIB_EXT2__ 1
| #define __STDC_WANT_MATH_SPEC_FUNCS__ 1
| #define _TANDEM_SOURCE 1
| #define __EXTENSIONS__ 1
| #define PACKAGE "dunelegacy"
| #define VERSION "0.96.4"
| /* end confdefs.h.  */
| 
| // Does the compiler advertise C++98 conformance?
| #if !defined __cplusplus || __cplusplus < 199711L
| # error "Compiler does not advertise C++98 conformance"
| #endif
| 
| // These inclusions are to reject old compilers that
| // lack the unsuffixed header files.
| #include <cstdlib>
| #include <exception>
| 
| // <cassert> and <cstring> are *not* freestanding headers in C++98.
| extern void assert (int);
| namespace std {
|   extern int strcmp (const char *, const char *);
| }
| 
| // Namespaces, exceptions, and templates were all added after "C++ 2.0".
| using std::exception;
| using std::strcmp;
| 
| namespace {
| 
| void test_exception_syntax()
| {
|   try {
|     throw "test";
|   } catch (const char *s) {
|     // Extra parentheses suppress a warning when building autoconf itself,
|     // due to lint rules shared with more typical C programs.
|     assert (!(strcmp) (s, "test"));
|   }
| }
| 
| template <typename T> struct test_template
| {
|   T const val;
|   explicit test_template(T t) : val(t) {}
|   template <typename U> T add(U u) { return static_cast<T>(u) + val; }
| };
| 
| } // anonymous namespace
| 
| 
| // Does the compiler advertise C++ 2011 conformance?
| #if !defined __cplusplus || __cplusplus < 201103L
| # error "Compiler does not advertise C++11 conformance"
| #endif
| 
| namespace cxx11test
| {
|   constexpr int get_val() { return 20; }
| 
|   struct testinit
|   {
|     int i;
|     double d;
|   };
| 
|   class delegate
|   {
|   public:
|     delegate(int n) : n(n) {}
|     delegate(): delegate(2354) {}
| 
|     virtual int getval() { return this->n; };
|   protected:
|     int n;
|   };
| 
|   class overridden : public delegate
|   {
|   public:
|     overridden(int n): delegate(n) {}
|     virtual int getval() override final { return this->n * 2; }
|   };
| 
|   class nocopy
|   {
|   public:
|     nocopy(int i): i(i) {}
|     nocopy() = default;
|     nocopy(const nocopy&) = delete;
|     nocopy & operator=(const nocopy&) = delete;
|   private:
|     int i;
|   };
| 
|   // for testing lambda expressions
|   template <typename Ret, typename Fn> Ret eval(Fn f, Ret v)
|   {
|     return f(v);
|   }
| 
|   // for testing variadic templates and trailing return types
|   template <typename V> auto sum(V first) -> V
|   {
|     return first;
|   }
|   template <typename V, typename... Args> auto sum(V first, Args... rest) -> V
|   {
|     return first + sum(rest...);
|   }
| }
| 
| 
| int
| main (int argc, char **argv)
| {
|   int ok = 0;
|   
|   assert (argc);
|   assert (! argv[0]);
| {
|   test_exception_syntax ();
|   test_template<double> tt (2.0);
|   assert (tt.add (4) == 6.0);
|   assert (true && !false);
| }
| 
|   
| {
|   // Test auto and decltype
|   auto a1 = 6538;
|   auto a2 = 48573953.4;
|   auto a3 = "String literal";
| 
|   int total = 0;
|   for (auto i = a3; *i; ++i) { total += *i; }
| 
|   decltype(a2) a4 = 34895.034;
| }
| {
|   // Test constexpr
|   short sa[cxx11test::get_val()] = { 0 };
| }
| {
|   // Test initializer lists
|   cxx11test::testinit il = { 4323, 435234.23544 };
| }
| {
|   // Test range-based for
|   int array[] = {9, 7, 13, 15, 4, 18, 12, 10, 5, 3,
|                  14, 19, 17, 8, 6, 20, 16, 2, 11, 1};
|   for (auto &x : array) { x += 23; }
| }
| {
|   // Test lambda expressions
|   using cxx11test::eval;
|   assert (eval ([](int x) { return x*2; }, 21) == 42);
|   double d = 2.0;
|   assert (eval ([&](double x) { return d += x; }, 3.0) == 5.0);
|   assert (d == 5.0);
|   assert (eval ([=](double x) mutable { return d += x; }, 4.0) == 9.0);
|   assert (d == 5.0);
| }
| {
|   // Test use of variadic templates
|   using cxx11test::sum;
|   auto a = sum(1);
|   auto b = sum(1, 2);
|   auto c = sum(1.0, 2.0, 3.0);
| }
| {
|   // Test constructor delegation
|   cxx11test::delegate d1;
|   cxx11test::delegate d2();
|   cxx11test::delegate d3(45);
| }
| {
|   // Test override and final
|   cxx11test::overridden o1(55464);
| }
| {
|   // Test nullptr
|   char *c = nullptr;
| }
| {
|   // Test template brackets
|   test_template<::test_template<int>> v(test_template<int>(12));
| }
| {
|   // Unicode literals
|   char const *utf8 = u8"UTF-8 string \u2500";
|   char16_t const *utf16 = u"UTF-8 string \u2500";
|   char32_t const *utf32 = U"UTF-32 string \u2500";
| }
| 
|   return ok;
| }
| 
configure:5540: g++ -std=gnu++11 -c -g -O2  conftest.cpp >&5
conftest.cpp:205:25: warning: empty parentheses interpreted as a function declaration [-Wvexing-parse]
  cxx11test::delegate d2();
                        ^~
conftest.cpp:205:25: note: remove parentheses to declare a variable
  cxx11test::delegate d2();
                        ^~
1 warning generated.
configure:5540: $? = 0
configure:5562: result: -std=gnu++11
configure:5630: checking dependency style of g++ -std=gnu++11
configure:5743: result: gcc3
configure:5844: checking for pkg-config
configure:5867: found /opt/homebrew/bin/pkg-config
configure:5880: result: /opt/homebrew/bin/pkg-config
configure:5905: checking pkg-config is at least version 0.9.0
configure:5908: result: yes
configure:5951: checking for sdl2 >= 2.0.0
configure:5958: $PKG_CONFIG --exists --print-errors "sdl2 >= $min_sdl_version"
configure:5961: $? = 0
configure:5975: $PKG_CONFIG --exists --print-errors "sdl2 >= $min_sdl_version"
configure:5978: $? = 0
configure:6016: result: yes
configure:6278: checking for Mix_OpenAudio in -lSDL2_mixer
configure:6307: gcc -o conftest -std=c99 -pthread -fPIC -O3 -pipe -pedantic -Wall -Wextra -Wno-unused-parameter -Wno-shift-negative-value -Wno-unknown-pragmas -D__STDC_FORMAT_MACROS -DNDEBUG -D_THREAD_SAFE -I/opt/homebrew/include -I/opt/homebrew/include/SDL2   conftest.c -lSDL2_mixer   -L/opt/homebrew/lib -lSDL2 >&5
configure:6307: $? = 0
configure:6319: result: yes
configure:6331: checking for TTF_Init in -lSDL2_ttf
configure:6360: gcc -o conftest -std=c99 -pthread -fPIC -O3 -pipe -pedantic -Wall -Wextra -Wno-unused-parameter -Wno-shift-negative-value -Wno-unknown-pragmas -D__STDC_FORMAT_MACROS -DNDEBUG -D_THREAD_SAFE -I/opt/homebrew/include -I/opt/homebrew/include/SDL2   conftest.c -lSDL2_ttf   -L/opt/homebrew/lib -lSDL2 -lSDL2_mixer >&5
configure:6360: $? = 0
configure:6372: result: yes
configure:6384: checking for gethostbyaddr_r
configure:6384: gcc -o conftest -std=c99 -pthread -fPIC -O3 -pipe -pedantic -Wall -Wextra -Wno-unused-parameter -Wno-shift-negative-value -Wno-unknown-pragmas -D__STDC_FORMAT_MACROS -DNDEBUG -D_THREAD_SAFE -I/opt/homebrew/include -I/opt/homebrew/include/SDL2   conftest.c  -L/opt/homebrew/lib -lSDL2 -lSDL2_mixer -lSDL2_ttf >&5
ld: Undefined symbols:
  _gethostbyaddr_r, referenced from:
      _main in conftest-ac2e2a.o
clang: error: linker command failed with exit code 1 (use -v to see invocation)
configure:6384: $? = 1
configure: failed program was:
| /* confdefs.h */
| #define PACKAGE_NAME "dunelegacy"
| #define PACKAGE_TARNAME "dunelegacy"
| #define PACKAGE_VERSION "0.96.4"
| #define PACKAGE_STRING "dunelegacy 0.96.4"
| #define PACKAGE_BUGREPORT "http://dunelegacy.sourceforge.net"
| #define PACKAGE_URL ""
| #define HAVE_STDIO_H 1
| #define HAVE_STDLIB_H 1
| #define HAVE_STRING_H 1
| #define HAVE_INTTYPES_H 1
| #define HAVE_STDINT_H 1
| #define HAVE_STRINGS_H 1
| #define HAVE_SYS_STAT_H 1
| #define HAVE_SYS_TYPES_H 1
| #define HAVE_UNISTD_H 1
| #define HAVE_WCHAR_H 1
| #define STDC_HEADERS 1
| #define _ALL_SOURCE 1
| #define _DARWIN_C_SOURCE 1
| #define _GNU_SOURCE 1
| #define _HPUX_ALT_XOPEN_SOCKET_API 1
| #define _NETBSD_SOURCE 1
| #define _OPENBSD_SOURCE 1
| #define _POSIX_PTHREAD_SEMANTICS 1
| #define __STDC_WANT_IEC_60559_ATTRIBS_EXT__ 1
| #define __STDC_WANT_IEC_60559_BFP_EXT__ 1
| #define __STDC_WANT_IEC_60559_DFP_EXT__ 1
| #define __STDC_WANT_IEC_60559_EXT__ 1
| #define __STDC_WANT_IEC_60559_FUNCS_EXT__ 1
| #define __STDC_WANT_IEC_60559_TYPES_EXT__ 1
| #define __STDC_WANT_LIB_EXT2__ 1
| #define __STDC_WANT_MATH_SPEC_FUNCS__ 1
| #define _TANDEM_SOURCE 1
| #define __EXTENSIONS__ 1
| #define PACKAGE "dunelegacy"
| #define VERSION "0.96.4"
| /* end confdefs.h.  */
| /* Define gethostbyaddr_r to an innocuous variant, in case <limits.h> declares gethostbyaddr_r.
|    For example, HP-UX 11i <limits.h> declares gettimeofday.  */
| #define gethostbyaddr_r innocuous_gethostbyaddr_r
| 
| /* System header to define __stub macros and hopefully few prototypes,
|    which can conflict with char gethostbyaddr_r (void); below.  */
| 
| #include <limits.h>
| #undef gethostbyaddr_r
| 
| /* Override any GCC internal prototype to avoid an error.
|    Use char because int might match the return type of a GCC
|    builtin and then its argument prototype would still apply.  */
| #ifdef __cplusplus
| extern "C"
| #endif
| char gethostbyaddr_r (void);
| /* The GNU C library defines this for functions which it implements
|     to always fail with ENOSYS.  Some functions are actually named
|     something starting with __ and the normal name is an alias.  */
| #if defined __stub_gethostbyaddr_r || defined __stub___gethostbyaddr_r
| choke me
| #endif
| 
| int
| main (void)
| {
| return gethostbyaddr_r ();
|   ;
|   return 0;
| }
configure:6384: result: no
configure:6391: checking for gethostbyname_r
configure:6391: gcc -o conftest -std=c99 -pthread -fPIC -O3 -pipe -pedantic -Wall -Wextra -Wno-unused-parameter -Wno-shift-negative-value -Wno-unknown-pragmas -D__STDC_FORMAT_MACROS -DNDEBUG -D_THREAD_SAFE -I/opt/homebrew/include -I/opt/homebrew/include/SDL2   conftest.c  -L/opt/homebrew/lib -lSDL2 -lSDL2_mixer -lSDL2_ttf >&5
ld: Undefined symbols:
  _gethostbyname_r, referenced from:
      _main in conftest-54f86a.o
clang: error: linker command failed with exit code 1 (use -v to see invocation)
configure:6391: $? = 1
configure: failed program was:
| /* confdefs.h */
| #define PACKAGE_NAME "dunelegacy"
| #define PACKAGE_TARNAME "dunelegacy"
| #define PACKAGE_VERSION "0.96.4"
| #define PACKAGE_STRING "dunelegacy 0.96.4"
| #define PACKAGE_BUGREPORT "http://dunelegacy.sourceforge.net"
| #define PACKAGE_URL ""
| #define HAVE_STDIO_H 1
| #define HAVE_STDLIB_H 1
| #define HAVE_STRING_H 1
| #define HAVE_INTTYPES_H 1
| #define HAVE_STDINT_H 1
| #define HAVE_STRINGS_H 1
| #define HAVE_SYS_STAT_H 1
| #define HAVE_SYS_TYPES_H 1
| #define HAVE_UNISTD_H 1
| #define HAVE_WCHAR_H 1
| #define STDC_HEADERS 1
| #define _ALL_SOURCE 1
| #define _DARWIN_C_SOURCE 1
| #define _GNU_SOURCE 1
| #define _HPUX_ALT_XOPEN_SOCKET_API 1
| #define _NETBSD_SOURCE 1
| #define _OPENBSD_SOURCE 1
| #define _POSIX_PTHREAD_SEMANTICS 1
| #define __STDC_WANT_IEC_60559_ATTRIBS_EXT__ 1
| #define __STDC_WANT_IEC_60559_BFP_EXT__ 1
| #define __STDC_WANT_IEC_60559_DFP_EXT__ 1
| #define __STDC_WANT_IEC_60559_EXT__ 1
| #define __STDC_WANT_IEC_60559_FUNCS_EXT__ 1
| #define __STDC_WANT_IEC_60559_TYPES_EXT__ 1
| #define __STDC_WANT_LIB_EXT2__ 1
| #define __STDC_WANT_MATH_SPEC_FUNCS__ 1
| #define _TANDEM_SOURCE 1
| #define __EXTENSIONS__ 1
| #define PACKAGE "dunelegacy"
| #define VERSION "0.96.4"
| /* end confdefs.h.  */
| /* Define gethostbyname_r to an innocuous variant, in case <limits.h> declares gethostbyname_r.
|    For example, HP-UX 11i <limits.h> declares gettimeofday.  */
| #define gethostbyname_r innocuous_gethostbyname_r
| 
| /* System header to define __stub macros and hopefully few prototypes,
|    which can conflict with char gethostbyname_r (void); below.  */
| 
| #include <limits.h>
| #undef gethostbyname_r
| 
| /* Override any GCC internal prototype to avoid an error.
|    Use char because int might match the return type of a GCC
|    builtin and then its argument prototype would still apply.  */
| #ifdef __cplusplus
| extern "C"
| #endif
| char gethostbyname_r (void);
| /* The GNU C library defines this for functions which it implements
|     to always fail with ENOSYS.  Some functions are actually named
|     something starting with __ and the normal name is an alias.  */
| #if defined __stub_gethostbyname_r || defined __stub___gethostbyname_r
| choke me
| #endif
| 
| int
| main (void)
| {
| return gethostbyname_r ();
|   ;
|   return 0;
| }
configure:6391: result: no
configure:6398: checking for poll
configure:6398: gcc -o conftest -std=c99 -pthread -fPIC -O3 -pipe -pedantic -Wall -Wextra -Wno-unused-parameter -Wno-shift-negative-value -Wno-unknown-pragmas -D__STDC_FORMAT_MACROS -DNDEBUG -D_THREAD_SAFE -I/opt/homebrew/include -I/opt/homebrew/include/SDL2   conftest.c  -L/opt/homebrew/lib -lSDL2 -lSDL2_mixer -lSDL2_ttf >&5
configure:6398: $? = 0
configure:6398: result: yes
configure:6405: checking for fcntl
configure:6405: gcc -o conftest -std=c99 -pthread -fPIC -O3 -pipe -pedantic -Wall -Wextra -Wno-unused-parameter -Wno-shift-negative-value -Wno-unknown-pragmas -D__STDC_FORMAT_MACROS -DNDEBUG -D_THREAD_SAFE -I/opt/homebrew/include -I/opt/homebrew/include/SDL2   conftest.c  -L/opt/homebrew/lib -lSDL2 -lSDL2_mixer -lSDL2_ttf >&5
configure:6405: $? = 0
configure:6405: result: yes
configure:6412: checking for inet_pton
configure:6412: gcc -o conftest -std=c99 -pthread -fPIC -O3 -pipe -pedantic -Wall -Wextra -Wno-unused-parameter -Wno-shift-negative-value -Wno-unknown-pragmas -D__STDC_FORMAT_MACROS -DNDEBUG -D_THREAD_SAFE -I/opt/homebrew/include -I/opt/homebrew/include/SDL2   conftest.c  -L/opt/homebrew/lib -lSDL2 -lSDL2_mixer -lSDL2_ttf >&5
configure:6412: $? = 0
configure:6412: result: yes
configure:6419: checking for inet_ntop
configure:6419: gcc -o conftest -std=c99 -pthread -fPIC -O3 -pipe -pedantic -Wall -Wextra -Wno-unused-parameter -Wno-shift-negative-value -Wno-unknown-pragmas -D__STDC_FORMAT_MACROS -DNDEBUG -D_THREAD_SAFE -I/opt/homebrew/include -I/opt/homebrew/include/SDL2   conftest.c  -L/opt/homebrew/lib -lSDL2 -lSDL2_mixer -lSDL2_ttf >&5
configure:6419: $? = 0
configure:6419: result: yes
configure:6427: checking for struct msghdr.msg_flags
configure:6427: gcc -c -std=c99 -pthread -fPIC -O3 -pipe -pedantic -Wall -Wextra -Wno-unused-parameter -Wno-shift-negative-value -Wno-unknown-pragmas -D__STDC_FORMAT_MACROS -DNDEBUG -D_THREAD_SAFE -I/opt/homebrew/include -I/opt/homebrew/include/SDL2  conftest.c >&5
configure:6427: $? = 0
configure:6427: result: yes
configure:6436: checking for socklen_t
configure:6436: gcc -c -std=c99 -pthread -fPIC -O3 -pipe -pedantic -Wall -Wextra -Wno-unused-parameter -Wno-shift-negative-value -Wno-unknown-pragmas -D__STDC_FORMAT_MACROS -DNDEBUG -D_THREAD_SAFE -I/opt/homebrew/include -I/opt/homebrew/include/SDL2  conftest.c >&5
configure:6436: $? = 0
configure:6436: gcc -c -std=c99 -pthread -fPIC -O3 -pipe -pedantic -Wall -Wextra -Wno-unused-parameter -Wno-shift-negative-value -Wno-unknown-pragmas -D__STDC_FORMAT_MACROS -DNDEBUG -D_THREAD_SAFE -I/opt/homebrew/include -I/opt/homebrew/include/SDL2  conftest.c >&5
conftest.c:51:24: error: expected expression
if (sizeof ((socklen_t)))
                       ^
1 error generated.
configure:6436: $? = 1
configure: failed program was:
| /* confdefs.h */
| #define PACKAGE_NAME "dunelegacy"
| #define PACKAGE_TARNAME "dunelegacy"
| #define PACKAGE_VERSION "0.96.4"
| #define PACKAGE_STRING "dunelegacy 0.96.4"
| #define PACKAGE_BUGREPORT "http://dunelegacy.sourceforge.net"
| #define PACKAGE_URL ""
| #define HAVE_STDIO_H 1
| #define HAVE_STDLIB_H 1
| #define HAVE_STRING_H 1
| #define HAVE_INTTYPES_H 1
| #define HAVE_STDINT_H 1
| #define HAVE_STRINGS_H 1
| #define HAVE_SYS_STAT_H 1
| #define HAVE_SYS_TYPES_H 1
| #define HAVE_UNISTD_H 1
| #define HAVE_WCHAR_H 1
| #define STDC_HEADERS 1
| #define _ALL_SOURCE 1
| #define _DARWIN_C_SOURCE 1
| #define _GNU_SOURCE 1
| #define _HPUX_ALT_XOPEN_SOCKET_API 1
| #define _NETBSD_SOURCE 1
| #define _OPENBSD_SOURCE 1
| #define _POSIX_PTHREAD_SEMANTICS 1
| #define __STDC_WANT_IEC_60559_ATTRIBS_EXT__ 1
| #define __STDC_WANT_IEC_60559_BFP_EXT__ 1
| #define __STDC_WANT_IEC_60559_DFP_EXT__ 1
| #define __STDC_WANT_IEC_60559_EXT__ 1
| #define __STDC_WANT_IEC_60559_FUNCS_EXT__ 1
| #define __STDC_WANT_IEC_60559_TYPES_EXT__ 1
| #define __STDC_WANT_LIB_EXT2__ 1
| #define __STDC_WANT_MATH_SPEC_FUNCS__ 1
| #define _TANDEM_SOURCE 1
| #define __EXTENSIONS__ 1
| #define PACKAGE "dunelegacy"
| #define VERSION "0.96.4"
| #define HAS_POLL 1
| #define HAS_FCNTL 1
| #define HAS_INET_PTON 1
| #define HAS_INET_NTOP 1
| #define HAS_MSGHDR_FLAGS 1
| /* end confdefs.h.  */
| #include <sys/types.h>
|               #include <sys/socket.h>
| 
| 
| int
| main (void)
| {
| if (sizeof ((socklen_t)))
| 	    return 0;
|   ;
|   return 0;
| }
configure:6436: result: yes
configure:6452: checking how to run the C preprocessor
configure:6478: gcc -E  conftest.c
configure:6478: $? = 0
configure:6494: gcc -E  conftest.c
conftest.c:45:10: fatal error: 'ac_nonexistent.h' file not found
#include <ac_nonexistent.h>
         ^~~~~~~~~~~~~~~~~~
1 error generated.
configure:6494: $? = 1
configure: failed program was:
| /* confdefs.h */
| #define PACKAGE_NAME "dunelegacy"
| #define PACKAGE_TARNAME "dunelegacy"
| #define PACKAGE_VERSION "0.96.4"
| #define PACKAGE_STRING "dunelegacy 0.96.4"
| #define PACKAGE_BUGREPORT "http://dunelegacy.sourceforge.net"
| #define PACKAGE_URL ""
| #define HAVE_STDIO_H 1
| #define HAVE_STDLIB_H 1
| #define HAVE_STRING_H 1
| #define HAVE_INTTYPES_H 1
| #define HAVE_STDINT_H 1
| #define HAVE_STRINGS_H 1
| #define HAVE_SYS_STAT_H 1
| #define HAVE_SYS_TYPES_H 1
| #define HAVE_UNISTD_H 1
| #define HAVE_WCHAR_H 1
| #define STDC_HEADERS 1
| #define _ALL_SOURCE 1
| #define _DARWIN_C_SOURCE 1
| #define _GNU_SOURCE 1
| #define _HPUX_ALT_XOPEN_SOCKET_API 1
| #define _NETBSD_SOURCE 1
| #define _OPENBSD_SOURCE 1
| #define _POSIX_PTHREAD_SEMANTICS 1
| #define __STDC_WANT_IEC_60559_ATTRIBS_EXT__ 1
| #define __STDC_WANT_IEC_60559_BFP_EXT__ 1
| #define __STDC_WANT_IEC_60559_DFP_EXT__ 1
| #define __STDC_WANT_IEC_60559_EXT__ 1
| #define __STDC_WANT_IEC_60559_FUNCS_EXT__ 1
| #define __STDC_WANT_IEC_60559_TYPES_EXT__ 1
| #define __STDC_WANT_LIB_EXT2__ 1
| #define __STDC_WANT_MATH_SPEC_FUNCS__ 1
| #define _TANDEM_SOURCE 1
| #define __EXTENSIONS__ 1
| #define PACKAGE "dunelegacy"
| #define VERSION "0.96.4"
| #define HAS_POLL 1
| #define HAS_FCNTL 1
| #define HAS_INET_PTON 1
| #define HAS_INET_NTOP 1
| #define HAS_MSGHDR_FLAGS 1
| #define HAS_SOCKLEN_T 1
| /* end confdefs.h.  */
| #include <ac_nonexistent.h>
configure:6523: result: gcc -E
configure:6537: gcc -E  conftest.c
configure:6537: $? = 0
configure:6553: gcc -E  conftest.c
conftest.c:45:10: fatal error: 'ac_nonexistent.h' file not found
#include <ac_nonexistent.h>
         ^~~~~~~~~~~~~~~~~~
1 error generated.
configure:6553: $? = 1
configure: failed program was:
| /* confdefs.h */
| #define PACKAGE_NAME "dunelegacy"
| #define PACKAGE_TARNAME "dunelegacy"
| #define PACKAGE_VERSION "0.96.4"
| #define PACKAGE_STRING "dunelegacy 0.96.4"
| #define PACKAGE_BUGREPORT "http://dunelegacy.sourceforge.net"
| #define PACKAGE_URL ""
| #define HAVE_STDIO_H 1
| #define HAVE_STDLIB_H 1
| #define HAVE_STRING_H 1
| #define HAVE_INTTYPES_H 1
| #define HAVE_STDINT_H 1
| #define HAVE_STRINGS_H 1
| #define HAVE_SYS_STAT_H 1
| #define HAVE_SYS_TYPES_H 1
| #define HAVE_UNISTD_H 1
| #define HAVE_WCHAR_H 1
| #define STDC_HEADERS 1
| #define _ALL_SOURCE 1
| #define _DARWIN_C_SOURCE 1
| #define _GNU_SOURCE 1
| #define _HPUX_ALT_XOPEN_SOCKET_API 1
| #define _NETBSD_SOURCE 1
| #define _OPENBSD_SOURCE 1
| #define _POSIX_PTHREAD_SEMANTICS 1
| #define __STDC_WANT_IEC_60559_ATTRIBS_EXT__ 1
| #define __STDC_WANT_IEC_60559_BFP_EXT__ 1
| #define __STDC_WANT_IEC_60559_DFP_EXT__ 1
| #define __STDC_WANT_IEC_60559_EXT__ 1
| #define __STDC_WANT_IEC_60559_FUNCS_EXT__ 1
| #define __STDC_WANT_IEC_60559_TYPES_EXT__ 1
| #define __STDC_WANT_LIB_EXT2__ 1
| #define __STDC_WANT_MATH_SPEC_FUNCS__ 1
| #define _TANDEM_SOURCE 1
| #define __EXTENSIONS__ 1
| #define PACKAGE "dunelegacy"
| #define VERSION "0.96.4"
| #define HAS_POLL 1
| #define HAS_FCNTL 1
| #define HAS_INET_PTON 1
| #define HAS_INET_NTOP 1
| #define HAS_MSGHDR_FLAGS 1
| #define HAS_SOCKLEN_T 1
| /* end confdefs.h.  */
| #include <ac_nonexistent.h>
configure:6586: checking for egrep -e
configure:6716: result: /usr/bin/grep -E
conftest.c:45:10: fatal error: '/usr/include/sys/socket.h' file not found
#include </usr/include/sys/socket.h>
         ^~~~~~~~~~~~~~~~~~~~~~~~~~~
1 error generated.
conftest.c:45:10: fatal error: 'socket.h' file not found
#include <socket.h>
         ^~~~~~~~~~
1 error generated.
configure:6900: checking that generated files are newer than configure
configure:6906: result: done
configure:6945: creating ./config.status

## ---------------------- ##
## Running config.status. ##
## ---------------------- ##

This file was extended by dunelegacy config.status 0.96.4, which was
generated by GNU Autoconf 2.72.  Invocation command line was

  CONFIG_FILES    = 
  CONFIG_HEADERS  = 
  CONFIG_LINKS    = 
  CONFIG_COMMANDS = 
  $ ./config.status 

on wifi-wpa-cw2-140-193-124-149.wifi.umanitoba.ca

config.status:801: creating Makefile
config.status:801: creating src/Makefile
config.status:801: creating tests/Makefile
config.status:973: executing depfiles commands
config.status:1050: cd src       && sed -e '/# am--include-marker/d' Makefile         | make -f - am--depfiles
config.status:1055: $? = 0
config.status:1050: cd tests       && sed -e '/# am--include-marker/d' Makefile         | make -f - am--depfiles
config.status:1055: $? = 0

## ---------------- ##
## Cache variables. ##
## ---------------- ##

ac_cv_build=arm-apple-darwin23.1.0
ac_cv_c_compiler_gnu=yes
ac_cv_cxx_compiler_gnu=yes
ac_cv_env_CCC_set=
ac_cv_env_CCC_value=
ac_cv_env_CC_set=
ac_cv_env_CC_value=
ac_cv_env_CFLAGS_set=
ac_cv_env_CFLAGS_value=
ac_cv_env_CPPFLAGS_set=
ac_cv_env_CPPFLAGS_value=
ac_cv_env_CPP_set=
ac_cv_env_CPP_value=
ac_cv_env_CXXFLAGS_set=
ac_cv_env_CXXFLAGS_value=
ac_cv_env_CXX_set=
ac_cv_env_CXX_value=
ac_cv_env_LDFLAGS_set=
ac_cv_env_LDFLAGS_value=
ac_cv_env_LIBS_set=
ac_cv_env_LIBS_value=
ac_cv_env_PKG_CONFIG_LIBDIR_set=
ac_cv_env_PKG_CONFIG_LIBDIR_value=
ac_cv_env_PKG_CONFIG_PATH_set=set
ac_cv_env_PKG_CONFIG_PATH_value=/opt/homebrew/lib/pkgconfig:
ac_cv_env_PKG_CONFIG_set=
ac_cv_env_PKG_CONFIG_value=
ac_cv_env_SDL_CFLAGS_set=
ac_cv_env_SDL_CFLAGS_value=
ac_cv_env_SDL_LIBS_set=
ac_cv_env_SDL_LIBS_value=
ac_cv_env_build_alias_set=
ac_cv_env_build_alias_value=
ac_cv_env_host_alias_set=
ac_cv_env_host_alias_value=
ac_cv_env_target_alias_set=
ac_cv_env_target_alias_value=
ac_cv_func_fcntl=yes
ac_cv_func_gethostbyaddr_r=no
ac_cv_func_gethostbyname_r=no
ac_cv_func_inet_ntop=yes
ac_cv_func_inet_pton=yes
ac_cv_func_poll=yes
ac_cv_header_inttypes_h=yes
ac_cv_header_minix_config_h=no
ac_cv_header_stdint_h=yes
ac_cv_header_stdio_h=yes
ac_cv_header_stdlib_h=yes
ac_cv_header_string_h=yes
ac_cv_header_strings_h=yes
ac_cv_header_sys_stat_h=yes
ac_cv_header_sys_types_h=yes
ac_cv_header_unistd_h=yes
ac_cv_header_wchar_h=yes
ac_cv_lib_SDL2_mixer_Mix_OpenAudio=yes
ac_cv_lib_SDL2_ttf_TTF_Init=yes
ac_cv_member_struct_msghdr_msg_flags=yes
ac_cv_objext=o
ac_cv_path_EGREP_TRADITIONAL='/usr/bin/grep -E'
ac_cv_path_ac_pt_PKG_CONFIG=/opt/homebrew/bin/pkg-config
ac_cv_path_install='/usr/bin/install -c'
ac_cv_prog_AWK=awk
ac_cv_prog_CPP='gcc -E'
ac_cv_prog_ac_ct_CC=gcc
ac_cv_prog_ac_ct_CXX=g++
ac_cv_prog_cc_c11=
ac_cv_prog_cc_g=yes
ac_cv_prog_cc_stdc=
ac_cv_prog_cxx_cxx11=-std=gnu++11
ac_cv_prog_cxx_g=yes
ac_cv_prog_cxx_stdcxx=-std=gnu++11
ac_cv_prog_make_make_set=yes
ac_cv_safe_to_define___extensions__=yes
ac_cv_should_define__xopen_source=no
ac_cv_type_socklen_t=yes
am_cv_CC_dependencies_compiler_type=gcc3
am_cv_CXX_dependencies_compiler_type=gcc3
am_cv_filesystem_timestamp_resolution=2
am_cv_make_support_nested_variables=yes
am_cv_prog_cc_c_o=yes
am_cv_sleep_fractional_seconds=yes
am_cv_xargs_n_works=yes
pkg_cv_SDL_CFLAGS='-D_THREAD_SAFE -I/opt/homebrew/include -I/opt/homebrew/include/SDL2'
pkg_cv_SDL_LIBS='-L/opt/homebrew/lib -lSDL2'

## ----------------- ##
## Output variables. ##
## ----------------- ##

ACLOCAL='${SHELL} '\''/Users/Ali_Nawaz/Movies/dunelegacy/missing'\'' aclocal-1.17'
AMDEPBACKSLASH='\'
AMDEP_FALSE='#'
AMDEP_TRUE=''
AMTAR='$${TAR-tar}'
AM_BACKSLASH='\'
AM_DEFAULT_V='$(AM_DEFAULT_VERBOSITY)'
AM_DEFAULT_VERBOSITY='1'
AM_V='$(V)'
AUTOCONF='${SHELL} '\''/Users/Ali_Nawaz/Movies/dunelegacy/missing'\'' autoconf'
AUTOHEADER='${SHELL} '\''/Users/Ali_Nawaz/Movies/dunelegacy/missing'\'' autoheader'
AUTOMAKE='${SHELL} '\''/Users/Ali_Nawaz/Movies/dunelegacy/missing'\'' automake-1.17'
AWK='awk'
CC='gcc'
CCDEPMODE='depmode=gcc3'
CFLAGS='-std=c99 -pthread -fPIC -O3 -pipe -pedantic -Wall -Wextra -Wno-unused-parameter -Wno-shift-negative-value -Wno-unknown-pragmas -D__STDC_FORMAT_MACROS -DNDEBUG -D_THREAD_SAFE -I/opt/homebrew/include -I/opt/homebrew/include/SDL2'
CPP='gcc -E'
CPPFLAGS=''
CSCOPE='cscope'
CTAGS='ctags'
CXX='g++ -std=gnu++11'
CXXDEPMODE='depmode=gcc3'
CXXFLAGS='-std=c++14 -pthread -fPIC -O3 -pipe -pedantic -Wall -Wextra -Wno-unused-parameter -Wno-shift-negative-value -Wno-unknown-pragmas -D__STDC_FORMAT_MACROS -DNDEBUG -D_THREAD_SAFE -I/opt/homebrew/include -I/opt/homebrew/include/SDL2'
CYGPATH_W='echo'
DEFS='-DPACKAGE_NAME=\"dunelegacy\" -DPACKAGE_TARNAME=\"dunelegacy\" -DPACKAGE_VERSION=\"0.96.4\" -DPACKAGE_STRING=\"dunelegacy\ 0.96.4\" -DPACKAGE_BUGREPORT=\"http://dunelegacy.sourceforge.net\" -DPACKAGE_URL=\"\" -DHAVE_STDIO_H=1 -DHAVE_STDLIB_H=1 -DHAVE_STRING_H=1 -DHAVE_INTTYPES_H=1 -DHAVE_STDINT_H=1 -DHAVE_STRINGS_H=1 -DHAVE_SYS_STAT_H=1 -DHAVE_SYS_TYPES_H=1 -DHAVE_UNISTD_H=1 -DHAVE_WCHAR_H=1 -DSTDC_HEADERS=1 -D_ALL_SOURCE=1 -D_DARWIN_C_SOURCE=1 -D_GNU_SOURCE=1 -D_HPUX_ALT_XOPEN_SOCKET_API=1 -D_NETBSD_SOURCE=1 -D_OPENBSD_SOURCE=1 -D_POSIX_PTHREAD_SEMANTICS=1 -D__STDC_WANT_IEC_60559_ATTRIBS_EXT__=1 -D__STDC_WANT_IEC_60559_BFP_EXT__=1 -D__STDC_WANT_IEC_60559_DFP_EXT__=1 -D__STDC_WANT_IEC_60559_EXT__=1 -D__STDC_WANT_IEC_60559_FUNCS_EXT__=1 -D__STDC_WANT_IEC_60559_TYPES_EXT__=1 -D__STDC_WANT_LIB_EXT2__=1 -D__STDC_WANT_MATH_SPEC_FUNCS__=1 -D_TANDEM_SOURCE=1 -D__EXTENSIONS__=1 -DPACKAGE=\"dunelegacy\" -DVERSION=\"0.96.4\" -DHAS_POLL=1 -DHAS_FCNTL=1 -DHAS_INET_PTON=1 -DHAS_INET_NTOP=1 -DHAS_MSGHDR_FLAGS=1 -DHAS_SOCKLEN_T=1'
DEPDIR='.deps'
ECHO_C='\c'
ECHO_N=''
ECHO_T=''
ETAGS='etags'
EXEEXT=''
INSTALL_DATA='${INSTALL} -m 644'
INSTALL_PROGRAM='${INSTALL}'
INSTALL_SCRIPT='${INSTALL}'
INSTALL_STRIP_PROGRAM='$(install_sh) -c -s'
LDFLAGS=''
LIBOBJS=''
LIBS=' -L/opt/homebrew/lib -lSDL2 -lSDL2_mixer -lSDL2_ttf'
LTLIBOBJS=''
MAKEINFO='${SHELL} '\''/Users/Ali_Nawaz/Movies/dunelegacy/missing'\'' makeinfo'
MKDIR_P='mkdir -p'
OBJEXT='o'
PACKAGE='dunelegacy'
PACKAGE_BUGREPORT='http://dunelegacy.sourceforge.net'
PACKAGE_NAME='dunelegacy'
PACKAGE_STRING='dunelegacy 0.96.4'
PACKAGE_TARNAME='dunelegacy'
PACKAGE_URL=''
PACKAGE_VERSION='0.96.4'
PATH_SEPARATOR=':'
PKG_CONFIG='/opt/homebrew/bin/pkg-config'
PKG_CONFIG_LIBDIR=''
PKG_CONFIG_PATH='/opt/homebrew/lib/pkgconfig:'
SDL2_CONFIG='pkg-config sdl2'
SDL_CFLAGS='-D_THREAD_SAFE -I/opt/homebrew/include -I/opt/homebrew/include/SDL2'
SDL_LIBS='-L/opt/homebrew/lib -lSDL2'
SET_MAKE=''
SHELL='/bin/sh'
STRIP=''
VERSION='0.96.4'
ac_ct_CC='gcc'
ac_ct_CXX='g++'
am__EXEEXT_FALSE=''
am__EXEEXT_TRUE='#'
am__fastdepCC_FALSE='#'
am__fastdepCC_TRUE=''
am__fastdepCXX_FALSE='#'
am__fastdepCXX_TRUE=''
am__include='include'
am__isrc=''
am__leading_dot='.'
am__nodep='_no'
am__quote=''
am__rm_f_notfound=''
am__tar='$${TAR-tar} chof - "$$tardir"'
am__untar='$${TAR-tar} xf -'
am__xargs_n='xargs -n'
bindir='${exec_prefix}/bin'
build='arm-apple-darwin23.1.0'
build_alias=''
build_cpu='arm'
build_os='darwin23.1.0'
build_vendor='apple'
datadir='${datarootdir}'
datarootdir='${prefix}/share'
docdir='${datarootdir}/doc/${PACKAGE_TARNAME}'
dunelegacydatadir='${pkgdatadir}'
dvidir='${docdir}'
exec_prefix='${prefix}'
host_alias=''
htmldir='${docdir}'
includedir='${prefix}/include'
infodir='${datarootdir}/info'
install_sh='${SHELL} /Users/Ali_Nawaz/Movies/dunelegacy/install-sh'
libdir='${exec_prefix}/lib'
libexecdir='${exec_prefix}/libexec'
localedir='${datarootdir}/locale'
localstatedir='${prefix}/var'
mandir='${datarootdir}/man'
mkdir_p='$(MKDIR_P)'
oldincludedir='/usr/include'
pdfdir='${docdir}'
prefix='/usr/local'
program_transform_name='s,x,x,'
psdir='${docdir}'
runstatedir='${localstatedir}/run'
sbindir='${exec_prefix}/sbin'
sharedstatedir='${prefix}/com'
sysconfdir='${prefix}/etc'
target_alias=''

## ----------- ##
## confdefs.h. ##
## ----------- ##

/* confdefs.h */
#define PACKAGE_NAME "dunelegacy"
#define PACKAGE_TARNAME "dunelegacy"
#define PACKAGE_VERSION "0.96.4"
#define PACKAGE_STRING "dunelegacy 0.96.4"
#define PACKAGE_BUGREPORT "http://dunelegacy.sourceforge.net"
#define PACKAGE_URL ""
#define HAVE_STDIO_H 1
#define HAVE_STDLIB_H 1
#define HAVE_STRING_H 1
#define HAVE_INTTYPES_H 1
#define HAVE_STDINT_H 1
#define HAVE_STRINGS_H 1
#define HAVE_SYS_STAT_H 1
#define HAVE_SYS_TYPES_H 1
#define HAVE_UNISTD_H 1
#define HAVE_WCHAR_H 1
#define STDC_HEADERS 1
#define _ALL_SOURCE 1
#define _DARWIN_C_SOURCE 1
#define _GNU_SOURCE 1
#define _HPUX_ALT_XOPEN_SOCKET_API 1
#define _NETBSD_SOURCE 1
#define _OPENBSD_SOURCE 1
#define _POSIX_PTHREAD_SEMANTICS 1
#define __STDC_WANT_IEC_60559_ATTRIBS_EXT__ 1
#define __STDC_WANT_IEC_60559_BFP_EXT__ 1
#define __STDC_WANT_IEC_60559_DFP_EXT__ 1
#define __STDC_WANT_IEC_60559_EXT__ 1
#define __STDC_WANT_IEC_60559_FUNCS_EXT__ 1
#define __STDC_WANT_IEC_60559_TYPES_EXT__ 1
#define __STDC_WANT_LIB_EXT2__ 1
#define __STDC_WANT_MATH_SPEC_FUNCS__ 1
#define _TANDEM_SOURCE 1
#define __EXTENSIONS__ 1
#define PACKAGE "dunelegacy"
#define VERSION "0.96.4"
#define HAS_POLL 1
#define HAS_FCNTL 1
#define HAS_INET_PTON 1
#define HAS_INET_NTOP 1
#define HAS_MSGHDR_FLAGS 1
#define HAS_SOCKLEN_T 1

configure: exit 0
